<?xml version="1.0" encoding="UTF-8"?>
<!--
 Copyright (c) 2013-2018, Stephen Gold
 All rights reserved.

 Redistribution and use in source and binary forms, with or without
 modification, are permitted provided that the following conditions are met:
 * Redistributions of source code must retain the above copyright
 notice, this list of conditions and the following disclaimer.
 * Redistributions in binary form must reproduce the above copyright
 notice, this list of conditions and the following disclaimer in the
 documentation and/or other materials provided with the distribution.
 * Neither the name of the copyright holder nor the names of its contributors
 may be used to endorse or promote products derived from this software without
 specific prior written permission.

 THIS SOFTWARE IS PROVIDED BY THE COPYRIGHT HOLDERS AND CONTRIBUTORS "AS IS" AND
 ANY EXPRESS OR IMPLIED WARRANTIES, INCLUDING, BUT NOT LIMITED TO, THE IMPLIED
 WARRANTIES OF MERCHANTABILITY AND FITNESS FOR A PARTICULAR PURPOSE ARE
 DISCLAIMED. IN NO EVENT SHALL THE COPYRIGHT HOLDER OR CONTRIBUTORS BE LIABLE
 FOR ANY DIRECT, INDIRECT, INCIDENTAL, SPECIAL, EXEMPLARY, OR CONSEQUENTIAL
 DAMAGES (INCLUDING, BUT NOT LIMITED TO, PROCUREMENT OF SUBSTITUTE GOODS OR
 SERVICES; LOSS OF USE, DATA, OR PROFITS; OR BUSINESS INTERRUPTION) HOWEVER
 CAUSED AND ON ANY THEORY OF LIABILITY, WHETHER IN CONTRACT, STRICT LIABILITY,
 OR TORT (INCLUDING NEGLIGENCE OR OTHERWISE) ARISING IN ANY WAY OUT OF THE USE
 OF THIS SOFTWARE, EVEN IF ADVISED OF THE POSSIBILITY OF SUCH DAMAGE.
-->

<!--
 The heads-up display (HUD) for the TestSkyControl application.
-->
<nifty xmlns="http://nifty-gui.lessvoid.com/nifty-gui">
    <useStyles filename="Interface/Nifty/styles/bats.xml"/>

    <screen id="test-sky-control"
            controller="jme3utilities.sky.test.TestSkyControlHud">
        <layer childLayout="horizontal">
            <panel/>
            <panel id="hud"
                   childLayout="vertical"
                   width="208">
                <control name="scrollPanel"
                         horizontal="false">
                    <panel childLayout="vertical"
                           padding="10"
                           width="188">

                        <panel style="statusPanel" height="16">
                            <control name="label"
                                     text="The H key toggles this display"/>
                        </panel>
                        <panel style="statusPanel">
                            <control name="label"
                                     textHAlign="right"
                                     text="and F1 edits hotkey bindings."/>
                        </panel>
                        <panel style="statusPanel">
                            <control name="label"
                                     text="The view aximuth is:"/>
                            <control name="label" id="azimuthStatus"
                                     textHAlign="right"/>
                        </panel>
                        <panel style="statusPanel">
                            <control name="label"
                                     text="The field of view is:"/>
                            <control name="label" id="fovStatus"
                                     textHAlign="right"/>
                        </panel>
                        <panel style="statusPanel">
                            <control name="label"
                                     text="The time is:"/>
                            <control name="label" id="time"
                                     textHAlign="right"/>
                        </panel>

                        <panel style="statusPanel">
                            <control name="label"
                                     text="Time direction:"/>
                        </panel>
                        <control name="radioButtonGroup" id="timeGroup"/>
                        <panel style="indentPanel">
                            <control name="radioButton" id="forwardRadioButton"
                                     group="timeGroup"/>
                            <control name="label"
                                     width="12"/>
                            <control name="label"
                                     text="forward"/>
                        </panel>
                        <panel style="indentPanel">
                            <control name="radioButton" id="pauseRadioButton"
                                     group="timeGroup"/>
                            <control name="label"
                                     width="12"/>
                            <control name="label"
                                     text="pause"/>
                        </panel>
                        <panel style="indentPanel">
                            <control name="radioButton" id="reverseRadioButton"
                                     group="timeGroup"/>
                            <control name="label"
                                     width="12"/>
                            <control name="label"
                                     text="reverse"/>
                        </panel>

                        <panel style="statusPanel">
                            <control name="label" id="speedSliderStatus"/>
                        </panel>
                        <control name="horizontalSlider" id="speedSlider"
                                 buttonStepSize="1"
                                 max="4"
                                 min="0"
                                 stepSize="0.01"/>

                        <panel style="statusPanel">
                            <control name="label" id="cloudinessSliderStatus"/>
                        </panel>
                        <control name="horizontalSlider" id="cloudinessSlider"
                                 buttonStepSize="1"
                                 initial="1"
                                 max="1"
                                 min="0"
                                 stepSize="0.01"/>

                        <panel style="statusPanel">
                            <control name="label" id="cloudsRateSliderStatus"/>
                        </panel>
                        <control name="horizontalSlider" id="cloudsRateSlider"
                                 buttonStepSize="1"
                                 height="30"
                                 initial="1"
                                 max="9"
                                 min="-9"
                                 stepSize="0.01"/>

                        <panel childLayout="horizontal">
                            <control name="checkbox" id="modulationCheckBox"
                                     width="20"/>
                            <control name="label"
                                     text="   modulate the main light"/>
                        </panel>

                        <panel style="statusPanel">
                            <control name="label" id="mainSliderStatus"/>
                        </panel>
                        <control name="horizontalSlider" id="mainSlider"
                                 buttonStepSize="0.2"
                                 initial="1"
                                 max="4"
                                 min="0"
                                 stepSize="0.05"/>

                        <panel style="statusPanel">
                            <control name="label" id="ambientSliderStatus"/>
                        </panel>
                        <control name="horizontalSlider" id="ambientSlider"
                                 buttonStepSize="0.2"
                                 initial="1"
                                 max="4"
                                 min="0"
                                 stepSize="0.05"/>

                        <panel style="statusPanel">
                            <control name="label" id="latitudeSliderStatus"/>
                        </panel>
                        <control name="horizontalSlider" id="latitudeSlider"
                                 buttonStepSize="90"
                                 initial="51.1788"
                                 max="90"
                                 min="-90"
                                 stepSize="0.01"/>

                        <panel style="buttonPanel">
                            <control name="button" id="id0ToAvoidNiftyWarning"
                                     label="Look at the sun">
                                <interact onRelease="perform(look sun)"/>
                            </control>
                        </panel>

                        <panel style="buttonPanel">
                            <control name="button" id="id1ToAvoidNiftyWarning"
                                     label="Select sun style">
                                <interact onRelease="perform(style)"/>
                            </control>
                        </panel>

                        <panel style="statusPanel">
                            <control name="label" id="solarLongitudeSliderStatus"/>
                        </panel>
                        <control name="horizontalSlider" id="solarLongitudeSlider"
                                 buttonStepSize="90"
                                 initial="0"
                                 max="360"
                                 min="0"
                                 stepSize="1"/>

                        <panel style="statusPanel">
                            <control name="label" id="solarDiameterSliderStatus"/>
                        </panel>
                        <control name="horizontalSlider" id="solarDiameterSlider"
                                 buttonStepSize="0.25"
                                 initial="0.25"
                                 max="1.75"
                                 min="-1.25"
                                 stepSize="0.01"/>

                        <panel style="buttonPanel">
                            <control name="button" id="id2ToAvoidNiftyWarning"
                                     label="Look at the moon">
                                <interact onRelease="perform(look moon)"/>
                            </control>
                        </panel>

                        <panel style="statusPanel">
                            <control name="label" id="phaseStatus"/>
                        </panel>
                        <panel style="buttonPanel">
                            <control name="button" id="id3ToAvoidNiftyWarning"
                                     label="Select lunar phase">
                                <interact onRelease="perform(phase)"/>
                            </control>
                        </panel>

                        <panel style="statusPanel">
                            <control name="label" id="longitudeDifferenceSliderStatus"/>
                        </panel>
                        <control name="horizontalSlider" id="longitudeDifferenceSlider"
                                 buttonStepSize="90"
                                 initial="180"
                                 max="360"
                                 min="0"
                                 stepSize="1"/>

                        <panel style="statusPanel">
                            <control name="label" id="lunarLatitudeSliderStatus"/>
                        </panel>
                        <control name="horizontalSlider" id="lunarLatitudeSlider"
                                 buttonStepSize="3"
                                 initial="0"
                                 max="90"
                                 min="-90"
                                 stepSize="1"/>

                        <panel style="statusPanel">
                            <control name="label" id="lunarDiameterSliderStatus"/>
                        </panel>
                        <control name="horizontalSlider" id="lunarDiameterSlider"
                                 buttonStepSize="0.25"
                                 initial="0.25"
                                 max="1.75"
                                 min="-1.25"
                                 stepSize="0.01"/>

                        <panel style="buttonPanel">
                            <control name="button" id="id4ToAvoidNiftyWarning"
                                     label="Select star map">
                                <interact onRelease="perform(star-map)"/>
                            </control>
                        </panel>

                        <panel style="statusPanel">
                            <control name="label" id="topVerticalAngleSliderStatus"/>
                        </panel>
                        <control name="horizontalSlider" id="topVerticalAngleSlider"
                                 buttonStepSize="3"
                                 initial="90"
                                 max="102"
                                 min="90"
                                 stepSize="0.1"/>

                        <panel style="statusPanel">
                            <control name="label" id="cloudsYOffsetSliderStatus"/>
                        </panel>
                        <control name="horizontalSlider" id="cloudsYOffsetSlider"
                                 buttonStepSize="0.1"
                                 height="40"
                                 initial="0"
                                 max="0.8"
                                 min="0"
                                 stepSize="0.01"/>

                        <panel style="statusPanel">
                            <control name="label" id="reliefSliderStatus"/>
                        </panel>
                        <control name="horizontalSlider" id="reliefSlider"
                                 buttonStepSize="100"
                                 height="40"
                                 initial="50"
                                 max="250"
                                 min="1"
                                 stepSize="1"/>

                        <panel style="indentPanel">
                            <control name="checkbox" id="ambientCheckBox"
                                     checked="true"
                                     width="20"/>
                            <control name="label"
                                     width="12"/>
                            <control name="label"
                                     text="enable ambient"/>
                        </panel>

                        <panel style="indentPanel">
                            <control name="checkbox" id="bloomCheckBox"
                                     checked="true"
                                     width="20"/>
                            <control name="label"
                                     width="12"/>
                            <control name="label"
                                     text="enable bloom"/>
                        </panel>

                        <panel style="indentPanel">
                            <control name="checkbox" id="cartoonCheckBox"
                                     checked="false"
                                     width="20"/>
                            <control name="label"
                                     width="12"/>
                            <control name="label"
                                     text="enable cartoon filter"/>
                        </panel>

                        <panel style="indentPanel">
                            <control name="checkbox" id="floorCheckBox"
                                     checked="false"
                                     width="20"/>
                            <control name="label"
                                     width="12"/>
                            <control name="label"
                                     text="enable floor"/>
                        </panel>

                        <panel style="indentPanel">
                            <control name="checkbox" id="landscapeCheckBox"
                                     checked="true"
                                     width="20"/>
                            <control name="label"
                                     width="12"/>
                            <control name="label"
                                     text="enable landscape"/>
                        </panel>

                        <panel style="indentPanel">
                            <control name="checkbox" id="mainLightCheckBox"
                                     checked="true"
                                     width="20"/>
                            <control name="label"
                                     width="12"/>
                            <control name="label"
                                     text="enable main light"/>
                        </panel>

                        <panel style="indentPanel">
                            <control name="checkbox" id="shadowFiltersCheckBox"
                                     checked="true"
                                     width="20"/>
                            <control name="label"
                                     width="12"/>
                            <control name="label"
                                     text="enable shadow filters"/>
                        </panel>

                        <panel style="indentPanel">
                            <control name="checkbox" id="skyCheckBox"
                                     checked="true"
                                     width="20"/>
                            <control name="label"
                                     width="12"/>
                            <control name="label"
                                     text="enable sky"/>
                        </panel>

                        <panel style="buttonPanel">
                            <control name="button" id="id5ToAvoidNiftyWarning"
                                     label="Print the scene">
                                <interact onRelease="perform(print scene)"/>
                            </control>
                        </panel>

                        <panel style="buttonPanel">
                            <control name="button" id="id6ToAvoidNiftyWarning"
                                     label="Load the saved scene">
                                <interact onRelease="perform(load scene)"/>
                            </control>
                        </panel>

                        <panel style="buttonPanel">
                            <control name="button" id="id7ToAvoidNiftyWarning"
                                     label="Save the scene">
                                <interact onRelease="perform(save scene)"/>
                            </control>
                        </panel>

                    </panel>
                </control>
            </panel>
        </layer>
    </screen>
</nifty>